Using pre-set license
Built from '2020.3/china_unity/release' branch; Version is '2020.3.6f1c1 (c884b0ebb9b3) revision 13141168'; Using compiler version '192528614'; Build Type 'Release'
OS: 'Windows 10 Pro; OS build 19042.1466; Version 2009; 64bit' Language: 'zh' Physical Memory: 32706 MB
BatchMode: 1, IsHumanControllingUs: 0, StartBugReporterOnCrash: 0, Is64bit: 1, IsPro: 0

 COMMAND LINE ARGUMENTS:
C:\Program Files\Unity\Hub\Editor\2020.3.6f1c1\Editor\Unity.exe
-adb2
-batchMode
-noUpm
-name
AssetImportWorker0
-projectPath
C:/Github/CodingKExcelParser/study_code/unityClient
-logFile
Logs/AssetImportWorker0.log
-srvPort
62971
Successfully changed project path to: C:/Github/CodingKExcelParser/study_code/unityClient
C:/Github/CodingKExcelParser/study_code/unityClient
Using Asset Import Pipeline V2.
Refreshing native plugins compatible for Editor in 22.60 ms, found 0 plugins.
Preloading 0 native plugins for Editor in 0.00 ms.
Initialize engine version: 2020.3.6f1c1 (c884b0ebb9b3)
[Subsystems] Discovering subsystems at path C:/Program Files/Unity/Hub/Editor/2020.3.6f1c1/Editor/Data/Resources/UnitySubsystems
[Subsystems] Discovering subsystems at path C:/Github/CodingKExcelParser/study_code/unityClient/Assets
GfxDevice: creating device client; threaded=0
Direct3D:
    Version:  Direct3D 11.0 [level 11.1]
    Renderer: NVIDIA GeForce GTX 1660 SUPER (ID=0x21c4)
    Vendor:   
    VRAM:     5991 MB
    Driver:   27.21.14.5671
Initialize mono
Mono path[0] = 'C:/Program Files/Unity/Hub/Editor/2020.3.6f1c1/Editor/Data/Managed'
Mono path[1] = 'C:/Program Files/Unity/Hub/Editor/2020.3.6f1c1/Editor/Data/MonoBleedingEdge/lib/mono/unityjit'
Mono config path = 'C:/Program Files/Unity/Hub/Editor/2020.3.6f1c1/Editor/Data/MonoBleedingEdge/etc'
Using monoOptions --debugger-agent=transport=dt_socket,embedding=1,server=y,suspend=n,address=127.0.0.1:56260
Begin MonoManager ReloadAssembly
Registering precompiled unity dll's ...
Register platform support module: C:/Program Files/Unity/Hub/Editor/2020.3.6f1c1/Editor/Data/PlaybackEngines/WindowsStandaloneSupport/UnityEditor.WindowsStandalone.Extensions.dll
Registered in 0.001833 seconds.
Native extension for WindowsStandalone target not found
Refreshing native plugins compatible for Editor in 22.28 ms, found 0 plugins.
Preloading 0 native plugins for Editor in 0.00 ms.
Mono: successfully reloaded assembly
- Completed reload, in  1.920 seconds
Platform modules already initialized, skipping
Registering precompiled user dll's ...
Registered in 0.002806 seconds.
Begin MonoManager ReloadAssembly
Native extension for WindowsStandalone target not found
Refreshing native plugins compatible for Editor in 0.21 ms, found 0 plugins.
Preloading 0 native plugins for Editor in 0.00 ms.
Mono: successfully reloaded assembly
- Completed reload, in  0.800 seconds
Platform modules already initialized, skipping
========================================================================
Worker process is ready to serve import requests
Launched and connected shader compiler UnityShaderCompiler.exe after 0.05 seconds
Refreshing native plugins compatible for Editor in 0.41 ms, found 0 plugins.
Preloading 0 native plugins for Editor in 0.00 ms.
Unloading 1122 Unused Serialized files (Serialized files now loaded: 0)
System memory in use before: 62.4 MB.
System memory in use after: 62.4 MB.

Unloading 16 unused Assets to reduce memory usage. Loaded Objects now: 1558.
Total: 1.537300 ms (FindLiveObjects: 0.147900 ms CreateObjectMapping: 0.039800 ms MarkObjects: 1.296400 ms  DeleteObjects: 0.052200 ms)

========================================================================
Received Import Request.
  path: Assets
  artifactKey: Guid(00000000000000001000000000000000) Importer(815301076,1909f56bfc062723c751e8b465ee728b)
Start importing Assets using Guid(00000000000000001000000000000000) Importer(815301076,1909f56bfc062723c751e8b465ee728b)  -> (artifact id: 'bb33029716dcbeb1d11732f01d0b95ff') in 0.007823 seconds
  Import took 0.009500 seconds .

========================================================================
Received Prepare
Registering precompiled user dll's ...
Registered in 0.003130 seconds.
Begin MonoManager ReloadAssembly
Native extension for WindowsStandalone target not found
Refreshing native plugins compatible for Editor in 0.42 ms, found 0 plugins.
Preloading 0 native plugins for Editor in 0.00 ms.
Mono: successfully reloaded assembly
- Completed reload, in  0.783 seconds
Platform modules already initialized, skipping
Refreshing native plugins compatible for Editor in 0.36 ms, found 0 plugins.
Preloading 0 native plugins for Editor in 0.00 ms.
Unloading 1116 Unused Serialized files (Serialized files now loaded: 0)
System memory in use before: 62.2 MB.
System memory in use after: 62.3 MB.

Unloading 11 unused Assets to reduce memory usage. Loaded Objects now: 1561.
Total: 1.822400 ms (FindLiveObjects: 0.247100 ms CreateObjectMapping: 0.071500 ms MarkObjects: 1.480000 ms  DeleteObjects: 0.022700 ms)

========================================================================
Received Import Request.
  Time since last request: 68.273109 seconds.
  path: Assets/Scripts
  artifactKey: Guid(1773847e07494b14482758c082586d7f) Importer(815301076,1909f56bfc062723c751e8b465ee728b)
Start importing Assets/Scripts using Guid(1773847e07494b14482758c082586d7f) Importer(815301076,1909f56bfc062723c751e8b465ee728b)  -> (artifact id: '85c33e77ed8a045baaef5e78a05a9132') in 0.008405 seconds
  Import took 0.010748 seconds .

========================================================================
Received Import Request.
  Time since last request: 0.000280 seconds.
  path: Assets/Scripts
  artifactKey: Guid(1773847e07494b14482758c082586d7f) Importer(815301076,1909f56bfc062723c751e8b465ee728b)
Start importing Assets/Scripts using Guid(1773847e07494b14482758c082586d7f) Importer(815301076,1909f56bfc062723c751e8b465ee728b)  -> (artifact id: '85c33e77ed8a045baaef5e78a05a9132') in 0.001986 seconds
  Import took 0.003901 seconds .

========================================================================
Received Import Request.
  Time since last request: 9.695423 seconds.
  path: Assets/Scripts/New Folder
  artifactKey: Guid(4efa3872b0fd209428408f4e44e53c33) Importer(815301076,1909f56bfc062723c751e8b465ee728b)
Start importing Assets/Scripts/New Folder using Guid(4efa3872b0fd209428408f4e44e53c33) Importer(815301076,1909f56bfc062723c751e8b465ee728b)  -> (artifact id: '558f79efd1720c467761622c90611b55') in 0.009031 seconds
  Import took 0.011750 seconds .

========================================================================
Received Import Request.
  Time since last request: 16.054138 seconds.
  path: Assets/Scripts/Proto_Client.cs
  artifactKey: Guid(e1cc30b0485887c4a9011d374b155774) Importer(815301076,1909f56bfc062723c751e8b465ee728b)
Start importing Assets/Scripts/Proto_Client.cs using Guid(e1cc30b0485887c4a9011d374b155774) Importer(815301076,1909f56bfc062723c751e8b465ee728b)  -> (artifact id: '48ae2e4b56fa80414ac8cf29f39933a8') in 0.034480 seconds
  Import took 0.036099 seconds .

========================================================================
Received Prepare
Registering precompiled user dll's ...
Registered in 0.003264 seconds.
Begin MonoManager ReloadAssembly
Native extension for WindowsStandalone target not found
Refreshing native plugins compatible for Editor in 0.23 ms, found 0 plugins.
Preloading 0 native plugins for Editor in 0.00 ms.
Mono: successfully reloaded assembly
- Completed reload, in  0.829 seconds
Platform modules already initialized, skipping
Refreshing native plugins compatible for Editor in 0.61 ms, found 0 plugins.
Preloading 0 native plugins for Editor in 0.00 ms.
Unloading 1117 Unused Serialized files (Serialized files now loaded: 0)
System memory in use before: 62.3 MB.
System memory in use after: 62.4 MB.

Unloading 11 unused Assets to reduce memory usage. Loaded Objects now: 1565.
Total: 2.519000 ms (FindLiveObjects: 0.494000 ms CreateObjectMapping: 0.119100 ms MarkObjects: 1.884400 ms  DeleteObjects: 0.018000 ms)

========================================================================
Received Import Request.
  Time since last request: 18.473481 seconds.
  path: Assets/Scripts/Proto_ClientRoot.cs
  artifactKey: Guid(e1cc30b0485887c4a9011d374b155774) Importer(815301076,1909f56bfc062723c751e8b465ee728b)
Start importing Assets/Scripts/Proto_ClientRoot.cs using Guid(e1cc30b0485887c4a9011d374b155774) Importer(815301076,1909f56bfc062723c751e8b465ee728b)  -> (artifact id: '9f1732ba8c407c37e52358ce29e0cd56') in 0.008315 seconds
  Import took 0.010446 seconds .

========================================================================
Received Import Request.
  Time since last request: 0.004920 seconds.
  path: Assets/Scripts/Proto_ClientRoot.cs
  artifactKey: Guid(e1cc30b0485887c4a9011d374b155774) Importer(815301076,1909f56bfc062723c751e8b465ee728b)
Start importing Assets/Scripts/Proto_ClientRoot.cs using Guid(e1cc30b0485887c4a9011d374b155774) Importer(815301076,1909f56bfc062723c751e8b465ee728b)  -> (artifact id: '9f1732ba8c407c37e52358ce29e0cd56') in 0.003917 seconds
  Import took 0.006130 seconds .

========================================================================
Received Prepare
Registering precompiled user dll's ...
Registered in 0.002999 seconds.
Begin MonoManager ReloadAssembly
Native extension for WindowsStandalone target not found
Refreshing native plugins compatible for Editor in 0.26 ms, found 0 plugins.
Preloading 0 native plugins for Editor in 0.00 ms.
Mono: successfully reloaded assembly
- Completed reload, in  0.838 seconds
Platform modules already initialized, skipping
Refreshing native plugins compatible for Editor in 0.35 ms, found 0 plugins.
Preloading 0 native plugins for Editor in 0.00 ms.
Unloading 1117 Unused Serialized files (Serialized files now loaded: 0)
System memory in use before: 62.3 MB.
System memory in use after: 62.4 MB.

Unloading 11 unused Assets to reduce memory usage. Loaded Objects now: 1568.
Total: 3.245700 ms (FindLiveObjects: 0.280800 ms CreateObjectMapping: 0.083900 ms MarkObjects: 2.845800 ms  DeleteObjects: 0.032900 ms)

========================================================================
Received Import Request.
  Time since last request: 51.327699 seconds.
  path: Assets/Scripts/Proto_ClientRoot.cs
  artifactKey: Guid(e1cc30b0485887c4a9011d374b155774) Importer(815301076,1909f56bfc062723c751e8b465ee728b)
Start importing Assets/Scripts/Proto_ClientRoot.cs using Guid(e1cc30b0485887c4a9011d374b155774) Importer(815301076,1909f56bfc062723c751e8b465ee728b)  -> (artifact id: '103c57da138d555d73d7966031ebb27a') in 0.004880 seconds
  Import took 0.006847 seconds .

========================================================================
Received Prepare
Registering precompiled user dll's ...
Registered in 0.002720 seconds.
Begin MonoManager ReloadAssembly
Native extension for WindowsStandalone target not found
Refreshing native plugins compatible for Editor in 0.26 ms, found 0 plugins.
Preloading 0 native plugins for Editor in 0.00 ms.
Mono: successfully reloaded assembly
- Completed reload, in  0.861 seconds
Platform modules already initialized, skipping
Refreshing native plugins compatible for Editor in 0.22 ms, found 0 plugins.
Preloading 0 native plugins for Editor in 0.00 ms.
Unloading 1117 Unused Serialized files (Serialized files now loaded: 0)
System memory in use before: 62.3 MB.
System memory in use after: 62.4 MB.

Unloading 11 unused Assets to reduce memory usage. Loaded Objects now: 1571.
Total: 1.822600 ms (FindLiveObjects: 0.254700 ms CreateObjectMapping: 0.064100 ms MarkObjects: 1.485800 ms  DeleteObjects: 0.015400 ms)

========================================================================
Received Import Request.
  Time since last request: 80.686930 seconds.
  path: Assets/Scripts/Proto_ClientRoot.cs
  artifactKey: Guid(e1cc30b0485887c4a9011d374b155774) Importer(815301076,1909f56bfc062723c751e8b465ee728b)
Start importing Assets/Scripts/Proto_ClientRoot.cs using Guid(e1cc30b0485887c4a9011d374b155774) Importer(815301076,1909f56bfc062723c751e8b465ee728b)  -> (artifact id: '25c20e1f3736aba62357b37ec2ed987d') in 0.004143 seconds
  Import took 0.006049 seconds .

========================================================================
Received Import Request.
  Time since last request: 18.288743 seconds.
  path: Assets/Scripts/Proto_ClientRoot.cs
  artifactKey: Guid(e1cc30b0485887c4a9011d374b155774) Importer(815301076,1909f56bfc062723c751e8b465ee728b)
Start importing Assets/Scripts/Proto_ClientRoot.cs using Guid(e1cc30b0485887c4a9011d374b155774) Importer(815301076,1909f56bfc062723c751e8b465ee728b)  -> (artifact id: '20d8592805199e424aca395b741a1381') in 0.002081 seconds
  Import took 0.004065 seconds .

========================================================================
Received Import Request.
  Time since last request: 126.761867 seconds.
  path: Assets/Scripts/Proto_ClientRoot.cs
  artifactKey: Guid(e1cc30b0485887c4a9011d374b155774) Importer(815301076,1909f56bfc062723c751e8b465ee728b)
Start importing Assets/Scripts/Proto_ClientRoot.cs using Guid(e1cc30b0485887c4a9011d374b155774) Importer(815301076,1909f56bfc062723c751e8b465ee728b)  -> (artifact id: '711956d8e81a6eac8cdb2330c9d2130b') in 0.007962 seconds
  Import took 0.011025 seconds .

========================================================================
Received Import Request.
  Time since last request: 0.056644 seconds.
  path: Assets/Scripts/Proto_ClientRoot.cs
  artifactKey: Guid(e1cc30b0485887c4a9011d374b155774) Importer(815301076,1909f56bfc062723c751e8b465ee728b)
Start importing Assets/Scripts/Proto_ClientRoot.cs using Guid(e1cc30b0485887c4a9011d374b155774) Importer(815301076,1909f56bfc062723c751e8b465ee728b)  -> (artifact id: '711956d8e81a6eac8cdb2330c9d2130b') in 0.003635 seconds
  Import took 0.006442 seconds .

========================================================================
Received Import Request.
  Time since last request: 119.785290 seconds.
  path: Assets/Scripts/Proto_ClientRoot.cs
  artifactKey: Guid(e1cc30b0485887c4a9011d374b155774) Importer(815301076,1909f56bfc062723c751e8b465ee728b)
Start importing Assets/Scripts/Proto_ClientRoot.cs using Guid(e1cc30b0485887c4a9011d374b155774) Importer(815301076,1909f56bfc062723c751e8b465ee728b)  -> (artifact id: 'ee2c44f755d6745a237ae1b470057576') in 0.004089 seconds
  Import took 0.006920 seconds .

========================================================================
Received Import Request.
  Time since last request: 0.004288 seconds.
  path: Assets/Scripts/Proto_ClientRoot.cs
  artifactKey: Guid(e1cc30b0485887c4a9011d374b155774) Importer(815301076,1909f56bfc062723c751e8b465ee728b)
Start importing Assets/Scripts/Proto_ClientRoot.cs using Guid(e1cc30b0485887c4a9011d374b155774) Importer(815301076,1909f56bfc062723c751e8b465ee728b)  -> (artifact id: 'ee2c44f755d6745a237ae1b470057576') in 0.002920 seconds
  Import took 0.005794 seconds .

========================================================================
Received Prepare
Registering precompiled user dll's ...
Registered in 0.003316 seconds.
Begin MonoManager ReloadAssembly
Native extension for WindowsStandalone target not found
Refreshing native plugins compatible for Editor in 0.36 ms, found 0 plugins.
Preloading 0 native plugins for Editor in 0.00 ms.
Mono: successfully reloaded assembly
- Completed reload, in  0.893 seconds
Platform modules already initialized, skipping
Refreshing native plugins compatible for Editor in 0.22 ms, found 0 plugins.
Preloading 0 native plugins for Editor in 0.00 ms.
Unloading 1120 Unused Serialized files (Serialized files now loaded: 0)
System memory in use before: 62.4 MB.
System memory in use after: 62.5 MB.

Unloading 11 unused Assets to reduce memory usage. Loaded Objects now: 1577.
Total: 2.860600 ms (FindLiveObjects: 0.353200 ms CreateObjectMapping: 0.106200 ms MarkObjects: 2.372500 ms  DeleteObjects: 0.026500 ms)

========================================================================
Received Import Request.
  Time since last request: 17.799453 seconds.
  path: Assets/Scripts/Proto_ClientRoot.cs
  artifactKey: Guid(e1cc30b0485887c4a9011d374b155774) Importer(815301076,1909f56bfc062723c751e8b465ee728b)
Start importing Assets/Scripts/Proto_ClientRoot.cs using Guid(e1cc30b0485887c4a9011d374b155774) Importer(815301076,1909f56bfc062723c751e8b465ee728b)  -> (artifact id: '88da68e4f4fb26ff74a59f5ba3bb403f') in 0.005353 seconds
  Import took 0.007732 seconds .

========================================================================
Received Import Request.
  Time since last request: 0.142509 seconds.
  path: Assets/Scripts/Proto_ClientRoot.cs
  artifactKey: Guid(e1cc30b0485887c4a9011d374b155774) Importer(815301076,1909f56bfc062723c751e8b465ee728b)
Start importing Assets/Scripts/Proto_ClientRoot.cs using Guid(e1cc30b0485887c4a9011d374b155774) Importer(815301076,1909f56bfc062723c751e8b465ee728b)  -> (artifact id: '88da68e4f4fb26ff74a59f5ba3bb403f') in 0.002700 seconds
  Import took 0.005365 seconds .

========================================================================
Received Prepare
Registering precompiled user dll's ...
Registered in 0.002665 seconds.
Begin MonoManager ReloadAssembly
Native extension for WindowsStandalone target not found
Refreshing native plugins compatible for Editor in 0.61 ms, found 0 plugins.
Preloading 0 native plugins for Editor in 0.00 ms.
Mono: successfully reloaded assembly
- Completed reload, in  0.977 seconds
Platform modules already initialized, skipping
Refreshing native plugins compatible for Editor in 0.44 ms, found 0 plugins.
Preloading 0 native plugins for Editor in 0.00 ms.
Unloading 1120 Unused Serialized files (Serialized files now loaded: 0)
System memory in use before: 62.4 MB.
System memory in use after: 62.5 MB.

Unloading 11 unused Assets to reduce memory usage. Loaded Objects now: 1580.
Total: 3.065700 ms (FindLiveObjects: 0.494600 ms CreateObjectMapping: 0.282500 ms MarkObjects: 2.261000 ms  DeleteObjects: 0.024400 ms)

========================================================================
Received Import Request.
  Time since last request: 9.556629 seconds.
  path: Assets/Scripts/Proto_ClientRoot.cs
  artifactKey: Guid(e1cc30b0485887c4a9011d374b155774) Importer(815301076,1909f56bfc062723c751e8b465ee728b)
Start importing Assets/Scripts/Proto_ClientRoot.cs using Guid(e1cc30b0485887c4a9011d374b155774) Importer(815301076,1909f56bfc062723c751e8b465ee728b)  -> (artifact id: '381bc403306c26b6132d9cd213635006') in 0.007256 seconds
  Import took 0.009605 seconds .

========================================================================
Received Import Request.
  Time since last request: 0.164005 seconds.
  path: Assets/Scripts/Proto_ClientRoot.cs
  artifactKey: Guid(e1cc30b0485887c4a9011d374b155774) Importer(815301076,1909f56bfc062723c751e8b465ee728b)
Start importing Assets/Scripts/Proto_ClientRoot.cs using Guid(e1cc30b0485887c4a9011d374b155774) Importer(815301076,1909f56bfc062723c751e8b465ee728b)  -> (artifact id: '381bc403306c26b6132d9cd213635006') in 0.002005 seconds
  Import took 0.003986 seconds .

========================================================================
Received Prepare
Registering precompiled user dll's ...
Registered in 0.002937 seconds.
Begin MonoManager ReloadAssembly
Native extension for WindowsStandalone target not found
Refreshing native plugins compatible for Editor in 0.58 ms, found 0 plugins.
Preloading 0 native plugins for Editor in 0.00 ms.
Mono: successfully reloaded assembly
- Completed reload, in  0.978 seconds
Platform modules already initialized, skipping
Refreshing native plugins compatible for Editor in 0.22 ms, found 0 plugins.
Preloading 0 native plugins for Editor in 0.00 ms.
Unloading 1120 Unused Serialized files (Serialized files now loaded: 0)
System memory in use before: 62.4 MB.
System memory in use after: 62.5 MB.

Unloading 11 unused Assets to reduce memory usage. Loaded Objects now: 1583.
Total: 1.533800 ms (FindLiveObjects: 0.217100 ms CreateObjectMapping: 0.041100 ms MarkObjects: 1.252000 ms  DeleteObjects: 0.014500 ms)

========================================================================
Received Import Request.
  Time since last request: 9.186249 seconds.
  path: Assets/Scripts/Proto_ClientRoot.cs
  artifactKey: Guid(e1cc30b0485887c4a9011d374b155774) Importer(815301076,1909f56bfc062723c751e8b465ee728b)
Start importing Assets/Scripts/Proto_ClientRoot.cs using Guid(e1cc30b0485887c4a9011d374b155774) Importer(815301076,1909f56bfc062723c751e8b465ee728b)  -> (artifact id: '6f4213b97a0bd9bd9e6318c2bdd737ff') in 0.005870 seconds
  Import took 0.008458 seconds .

========================================================================
Received Import Request.
  Time since last request: 0.104619 seconds.
  path: Assets/Scripts/Proto_ClientRoot.cs
  artifactKey: Guid(e1cc30b0485887c4a9011d374b155774) Importer(815301076,1909f56bfc062723c751e8b465ee728b)
Start importing Assets/Scripts/Proto_ClientRoot.cs using Guid(e1cc30b0485887c4a9011d374b155774) Importer(815301076,1909f56bfc062723c751e8b465ee728b)  -> (artifact id: '6f4213b97a0bd9bd9e6318c2bdd737ff') in 0.002939 seconds
  Import took 0.005558 seconds .

========================================================================
Received Prepare
Registering precompiled user dll's ...
Registered in 0.002731 seconds.
Begin MonoManager ReloadAssembly
Native extension for WindowsStandalone target not found
Refreshing native plugins compatible for Editor in 0.29 ms, found 0 plugins.
Preloading 0 native plugins for Editor in 0.00 ms.
Mono: successfully reloaded assembly
- Completed reload, in  0.836 seconds
Platform modules already initialized, skipping
Refreshing native plugins compatible for Editor in 0.23 ms, found 0 plugins.
Preloading 0 native plugins for Editor in 0.00 ms.
Unloading 1120 Unused Serialized files (Serialized files now loaded: 0)
System memory in use before: 62.4 MB.
System memory in use after: 62.5 MB.

Unloading 11 unused Assets to reduce memory usage. Loaded Objects now: 1586.
Total: 2.114900 ms (FindLiveObjects: 0.464100 ms CreateObjectMapping: 0.099200 ms MarkObjects: 1.529300 ms  DeleteObjects: 0.019600 ms)

========================================================================
Received Import Request.
  Time since last request: 35.193323 seconds.
  path: Assets/Scripts/Proto_ClientRoot.cs
  artifactKey: Guid(e1cc30b0485887c4a9011d374b155774) Importer(815301076,1909f56bfc062723c751e8b465ee728b)
Start importing Assets/Scripts/Proto_ClientRoot.cs using Guid(e1cc30b0485887c4a9011d374b155774) Importer(815301076,1909f56bfc062723c751e8b465ee728b)  -> (artifact id: '7ef236dff6f6e9ebd7a0a5d135c85566') in 0.005491 seconds
  Import took 0.007845 seconds .

========================================================================
Received Import Request.
  Time since last request: 0.104256 seconds.
  path: Assets/Scripts/Proto_ClientRoot.cs
  artifactKey: Guid(e1cc30b0485887c4a9011d374b155774) Importer(815301076,1909f56bfc062723c751e8b465ee728b)
Start importing Assets/Scripts/Proto_ClientRoot.cs using Guid(e1cc30b0485887c4a9011d374b155774) Importer(815301076,1909f56bfc062723c751e8b465ee728b)  -> (artifact id: '7ef236dff6f6e9ebd7a0a5d135c85566') in 0.002820 seconds
  Import took 0.005140 seconds .

========================================================================
Received Prepare
Registering precompiled user dll's ...
Registered in 0.002821 seconds.
Begin MonoManager ReloadAssembly
Native extension for WindowsStandalone target not found
Refreshing native plugins compatible for Editor in 0.27 ms, found 0 plugins.
Preloading 0 native plugins for Editor in 0.00 ms.
Mono: successfully reloaded assembly
- Completed reload, in  0.824 seconds
Platform modules already initialized, skipping
Refreshing native plugins compatible for Editor in 0.23 ms, found 0 plugins.
Preloading 0 native plugins for Editor in 0.00 ms.
Unloading 1120 Unused Serialized files (Serialized files now loaded: 0)
System memory in use before: 62.4 MB.
System memory in use after: 62.5 MB.

Unloading 11 unused Assets to reduce memory usage. Loaded Objects now: 1589.
Total: 1.926900 ms (FindLiveObjects: 0.352400 ms CreateObjectMapping: 0.064200 ms MarkObjects: 1.493100 ms  DeleteObjects: 0.015200 ms)

========================================================================
Received Import Request.
  Time since last request: 41.115916 seconds.
  path: Assets/Scripts/Proto_ClientRoot.cs
  artifactKey: Guid(e1cc30b0485887c4a9011d374b155774) Importer(815301076,1909f56bfc062723c751e8b465ee728b)
Start importing Assets/Scripts/Proto_ClientRoot.cs using Guid(e1cc30b0485887c4a9011d374b155774) Importer(815301076,1909f56bfc062723c751e8b465ee728b)  -> (artifact id: '6b964246c77a181cae58a13bd1d6192c') in 0.003887 seconds
  Import took 0.007294 seconds .

========================================================================
Received Import Request.
  Time since last request: 0.004543 seconds.
  path: Assets/Scripts/Proto_ClientRoot.cs
  artifactKey: Guid(e1cc30b0485887c4a9011d374b155774) Importer(815301076,1909f56bfc062723c751e8b465ee728b)
Start importing Assets/Scripts/Proto_ClientRoot.cs using Guid(e1cc30b0485887c4a9011d374b155774) Importer(815301076,1909f56bfc062723c751e8b465ee728b)  -> (artifact id: '6b964246c77a181cae58a13bd1d6192c') in 0.002871 seconds
  Import took 0.005350 seconds .

========================================================================
Received Import Request.
  Time since last request: 6.387635 seconds.
  path: Assets/Scripts/Proto_ClientRoot.cs
  artifactKey: Guid(e1cc30b0485887c4a9011d374b155774) Importer(815301076,1909f56bfc062723c751e8b465ee728b)
Start importing Assets/Scripts/Proto_ClientRoot.cs using Guid(e1cc30b0485887c4a9011d374b155774) Importer(815301076,1909f56bfc062723c751e8b465ee728b)  -> (artifact id: '9b5f1831b50daabc9e4629fc6b9e600e') in 0.001842 seconds
  Import took 0.003698 seconds .

========================================================================
Received Prepare
Registering precompiled user dll's ...
Registered in 0.002718 seconds.
Begin MonoManager ReloadAssembly
Native extension for WindowsStandalone target not found
Refreshing native plugins compatible for Editor in 0.29 ms, found 0 plugins.
Preloading 0 native plugins for Editor in 0.00 ms.
Mono: successfully reloaded assembly
- Completed reload, in  0.844 seconds
Platform modules already initialized, skipping
Refreshing native plugins compatible for Editor in 0.22 ms, found 0 plugins.
Preloading 0 native plugins for Editor in 0.00 ms.
Unloading 1120 Unused Serialized files (Serialized files now loaded: 0)
System memory in use before: 62.4 MB.
System memory in use after: 62.5 MB.

Unloading 11 unused Assets to reduce memory usage. Loaded Objects now: 1592.
Total: 1.379500 ms (FindLiveObjects: 0.173300 ms CreateObjectMapping: 0.032800 ms MarkObjects: 1.158300 ms  DeleteObjects: 0.014000 ms)

========================================================================
Received Import Request.
  Time since last request: 11.340223 seconds.
  path: Assets/Scripts/NetProtocol.cs
  artifactKey: Guid(49876e8513882a743b092c5011f5e63f) Importer(815301076,1909f56bfc062723c751e8b465ee728b)
Start importing Assets/Scripts/NetProtocol.cs using Guid(49876e8513882a743b092c5011f5e63f) Importer(815301076,1909f56bfc062723c751e8b465ee728b)  -> (artifact id: 'f378ae8a7ec7b7064ac8cceca4cd1a0e') in 0.012702 seconds
  Import took 0.015296 seconds .

========================================================================
Received Import Request.
  Time since last request: 1.052998 seconds.
  path: Assets/Scripts/BagHandler.cs
  artifactKey: Guid(de4a0974d3262124c93dce13a84db913) Importer(815301076,1909f56bfc062723c751e8b465ee728b)
Start importing Assets/Scripts/BagHandler.cs using Guid(de4a0974d3262124c93dce13a84db913) Importer(815301076,1909f56bfc062723c751e8b465ee728b)  -> (artifact id: '70f22e7211d19aa4f39df247a8824872') in 0.006454 seconds
  Import took 0.008480 seconds .

========================================================================
Received Import Request.
  Time since last request: 0.001514 seconds.
  path: Assets/Scripts/BagHandler.cs
  artifactKey: Guid(de4a0974d3262124c93dce13a84db913) Importer(815301076,1909f56bfc062723c751e8b465ee728b)
Start importing Assets/Scripts/BagHandler.cs using Guid(de4a0974d3262124c93dce13a84db913) Importer(815301076,1909f56bfc062723c751e8b465ee728b)  -> (artifact id: '70f22e7211d19aa4f39df247a8824872') in 0.001843 seconds
  Import took 0.003784 seconds .

========================================================================
Received Import Request.
  Time since last request: 0.407171 seconds.
  path: Assets/Scripts/LoginHandler.cs
  artifactKey: Guid(d35931a8e40ef2244b84e7121e25f242) Importer(815301076,1909f56bfc062723c751e8b465ee728b)
Start importing Assets/Scripts/LoginHandler.cs using Guid(d35931a8e40ef2244b84e7121e25f242) Importer(815301076,1909f56bfc062723c751e8b465ee728b)  -> (artifact id: '70e47d8b028404ce27cb30f142269bf4') in 0.005737 seconds
  Import took 0.008070 seconds .

========================================================================
Received Import Request.
  Time since last request: 0.002385 seconds.
  path: Assets/Scripts/LoginHandler.cs
  artifactKey: Guid(d35931a8e40ef2244b84e7121e25f242) Importer(815301076,1909f56bfc062723c751e8b465ee728b)
Start importing Assets/Scripts/LoginHandler.cs using Guid(d35931a8e40ef2244b84e7121e25f242) Importer(815301076,1909f56bfc062723c751e8b465ee728b)  -> (artifact id: '70e47d8b028404ce27cb30f142269bf4') in 0.002275 seconds
  Import took 0.004487 seconds .

========================================================================
Received Prepare
Registering precompiled user dll's ...
Registered in 0.002944 seconds.
Begin MonoManager ReloadAssembly
Native extension for WindowsStandalone target not found
Refreshing native plugins compatible for Editor in 0.24 ms, found 0 plugins.
Preloading 0 native plugins for Editor in 0.00 ms.
Mono: successfully reloaded assembly
- Completed reload, in  0.791 seconds
Platform modules already initialized, skipping
Refreshing native plugins compatible for Editor in 0.32 ms, found 0 plugins.
Preloading 0 native plugins for Editor in 0.00 ms.
Unloading 1120 Unused Serialized files (Serialized files now loaded: 0)
System memory in use before: 62.5 MB.
System memory in use after: 62.6 MB.

Unloading 11 unused Assets to reduce memory usage. Loaded Objects now: 1595.
Total: 1.548200 ms (FindLiveObjects: 0.166000 ms CreateObjectMapping: 0.054200 ms MarkObjects: 1.309400 ms  DeleteObjects: 0.016900 ms)

========================================================================
Received Import Request.
  Time since last request: 85.048333 seconds.
  path: Assets/Scenes/SampleScene.unity
  artifactKey: Guid(9fc0d4010bbf28b4594072e72b8655ab) Importer(815301076,1909f56bfc062723c751e8b465ee728b)
Start importing Assets/Scenes/SampleScene.unity using Guid(9fc0d4010bbf28b4594072e72b8655ab) Importer(815301076,1909f56bfc062723c751e8b465ee728b)  -> (artifact id: '30b0e2bc688f81a3df199912fb2430d8') in 0.015106 seconds
  Import took 0.016938 seconds .

========================================================================
Received Prepare
Registering precompiled user dll's ...
Registered in 0.002751 seconds.
Begin MonoManager ReloadAssembly
Native extension for WindowsStandalone target not found
Refreshing native plugins compatible for Editor in 0.26 ms, found 0 plugins.
Preloading 0 native plugins for Editor in 0.00 ms.
Mono: successfully reloaded assembly
- Completed reload, in  0.800 seconds
Platform modules already initialized, skipping
Refreshing native plugins compatible for Editor in 0.37 ms, found 0 plugins.
Preloading 0 native plugins for Editor in 0.00 ms.
Unloading 1120 Unused Serialized files (Serialized files now loaded: 0)
System memory in use before: 62.5 MB.
System memory in use after: 62.6 MB.

Unloading 11 unused Assets to reduce memory usage. Loaded Objects now: 1598.
Total: 1.510400 ms (FindLiveObjects: 0.184100 ms CreateObjectMapping: 0.065300 ms MarkObjects: 1.245500 ms  DeleteObjects: 0.014000 ms)

========================================================================
Received Prepare
Registering precompiled user dll's ...
Registered in 0.002756 seconds.
Begin MonoManager ReloadAssembly
Native extension for WindowsStandalone target not found
Refreshing native plugins compatible for Editor in 0.47 ms, found 0 plugins.
Preloading 0 native plugins for Editor in 0.00 ms.
Mono: successfully reloaded assembly
- Completed reload, in  0.806 seconds
Platform modules already initialized, skipping
Refreshing native plugins compatible for Editor in 0.22 ms, found 0 plugins.
Preloading 0 native plugins for Editor in 0.00 ms.
Unloading 1120 Unused Serialized files (Serialized files now loaded: 0)
System memory in use before: 62.5 MB.
System memory in use after: 62.6 MB.

Unloading 11 unused Assets to reduce memory usage. Loaded Objects now: 1601.
Total: 2.221900 ms (FindLiveObjects: 0.298700 ms CreateObjectMapping: 0.071600 ms MarkObjects: 1.828800 ms  DeleteObjects: 0.021300 ms)

========================================================================
Received Prepare
Registering precompiled user dll's ...
Registered in 0.002845 seconds.
Begin MonoManager ReloadAssembly
Native extension for WindowsStandalone target not found
Refreshing native plugins compatible for Editor in 0.32 ms, found 0 plugins.
Preloading 0 native plugins for Editor in 0.00 ms.
Mono: successfully reloaded assembly
- Completed reload, in  0.907 seconds
Platform modules already initialized, skipping
Refreshing native plugins compatible for Editor in 0.28 ms, found 0 plugins.
Preloading 0 native plugins for Editor in 0.00 ms.
Unloading 1120 Unused Serialized files (Serialized files now loaded: 0)
System memory in use before: 62.5 MB.
System memory in use after: 62.6 MB.

Unloading 11 unused Assets to reduce memory usage. Loaded Objects now: 1604.
Total: 1.545500 ms (FindLiveObjects: 0.181200 ms CreateObjectMapping: 0.045800 ms MarkObjects: 1.300600 ms  DeleteObjects: 0.016600 ms)

========================================================================
Received Prepare
Registering precompiled user dll's ...
Registered in 0.002870 seconds.
Begin MonoManager ReloadAssembly
Native extension for WindowsStandalone target not found
Refreshing native plugins compatible for Editor in 0.22 ms, found 0 plugins.
Preloading 0 native plugins for Editor in 0.00 ms.
Mono: successfully reloaded assembly
- Completed reload, in  0.788 seconds
Platform modules already initialized, skipping
Refreshing native plugins compatible for Editor in 0.22 ms, found 0 plugins.
Preloading 0 native plugins for Editor in 0.00 ms.
Unloading 1120 Unused Serialized files (Serialized files now loaded: 0)
System memory in use before: 62.5 MB.
System memory in use after: 62.6 MB.

Unloading 11 unused Assets to reduce memory usage. Loaded Objects now: 1607.
Total: 1.815300 ms (FindLiveObjects: 0.317000 ms CreateObjectMapping: 0.075500 ms MarkObjects: 1.403200 ms  DeleteObjects: 0.017600 ms)

========================================================================
Received Prepare
Registering precompiled user dll's ...
Registered in 0.002658 seconds.
Begin MonoManager ReloadAssembly
Native extension for WindowsStandalone target not found
Refreshing native plugins compatible for Editor in 0.54 ms, found 0 plugins.
Preloading 0 native plugins for Editor in 0.00 ms.
Mono: successfully reloaded assembly
- Completed reload, in  0.818 seconds
Platform modules already initialized, skipping
Refreshing native plugins compatible for Editor in 0.22 ms, found 0 plugins.
Preloading 0 native plugins for Editor in 0.00 ms.
Unloading 1120 Unused Serialized files (Serialized files now loaded: 0)
System memory in use before: 62.5 MB.
System memory in use after: 62.6 MB.

Unloading 11 unused Assets to reduce memory usage. Loaded Objects now: 1610.
Total: 1.809800 ms (FindLiveObjects: 0.254700 ms CreateObjectMapping: 0.045200 ms MarkObjects: 1.491100 ms  DeleteObjects: 0.017100 ms)

========================================================================
Received Prepare
Registering precompiled user dll's ...
Registered in 0.003497 seconds.
Begin MonoManager ReloadAssembly
Native extension for WindowsStandalone target not found
Refreshing native plugins compatible for Editor in 0.36 ms, found 0 plugins.
Preloading 0 native plugins for Editor in 0.00 ms.
Mono: successfully reloaded assembly
- Completed reload, in  0.799 seconds
Platform modules already initialized, skipping
Refreshing native plugins compatible for Editor in 0.25 ms, found 0 plugins.
Preloading 0 native plugins for Editor in 0.00 ms.
Unloading 1120 Unused Serialized files (Serialized files now loaded: 0)
System memory in use before: 62.5 MB.
System memory in use after: 62.6 MB.

Unloading 11 unused Assets to reduce memory usage. Loaded Objects now: 1613.
Total: 2.535200 ms (FindLiveObjects: 0.278000 ms CreateObjectMapping: 0.075400 ms MarkObjects: 2.151900 ms  DeleteObjects: 0.028500 ms)

========================================================================
Received Prepare
Registering precompiled user dll's ...
Registered in 0.004592 seconds.
Begin MonoManager ReloadAssembly
Native extension for WindowsStandalone target not found
Refreshing native plugins compatible for Editor in 0.26 ms, found 0 plugins.
Preloading 0 native plugins for Editor in 0.00 ms.
Mono: successfully reloaded assembly
- Completed reload, in  0.818 seconds
Platform modules already initialized, skipping
Refreshing native plugins compatible for Editor in 0.56 ms, found 0 plugins.
Preloading 0 native plugins for Editor in 0.00 ms.
Unloading 1120 Unused Serialized files (Serialized files now loaded: 0)
System memory in use before: 62.5 MB.
System memory in use after: 62.6 MB.

Unloading 11 unused Assets to reduce memory usage. Loaded Objects now: 1616.
Total: 1.568300 ms (FindLiveObjects: 0.194100 ms CreateObjectMapping: 0.032800 ms MarkObjects: 1.325100 ms  DeleteObjects: 0.014700 ms)

AssetImportWorkerClient::OnTransportError - code=2 error=End of file
